#
# A fatal error has been detected by the Java Runtime Environment:
#
#  SIGSEGV (0xb) at pc=0xb6be3188, pid=18365, tid=1771043648
#
# JRE version: 7.0_25-b30
# Java VM: OpenJDK Server VM (23.7-b01 mixed mode linux-x86 )
# Problematic frame:
# V  [libjvm.so+0x42c188]  java_lang_String::utf8_length(oopDesc*)+0x58
#
# Failed to write core dump. Core dumps have been disabled. To enable core dumping, try "ulimit -c unlimited" before starting Java again
#
# If you would like to submit a bug report, please include
# instructions on how to reproduce the bug and visit:
#   https://bugs.launchpad.net/ubuntu/+source/openjdk-7/
#

---------------  T H R E A D  ---------------

Current thread (0x69706c00):  JavaThread "JDWP Transport Listener: dt_socket" daemon [_thread_in_vm, id=18381, stack(0x698af000,0x69900000)]

siginfo:si_signo=SIGSEGV: si_errno=0, si_code=1 (SEGV_MAPERR), si_addr=0x00000008

Registers:
EAX=0x9e9e5b88, EBX=0xb70ef000, ECX=0x00000000, EDX=0x00000000
ESP=0x698fefb0, EBP=0x698ff058, ESI=0x00000000, EDI=0x9e9e5b88
EIP=0xb6be3188, EFLAGS=0x00010246, CR2=0x00000008

Top of Stack: (sp=0x698fefb0)
0x698fefb0:   b64d69a0 b64d6000 b64d69a0 b64c0e25
0x698fefc0:   b6be3139 b70ef000 69706c00 b6bef4bd
0x698fefd0:   9e9e5b88 00000006 b6c88839 b64d6000
0x698fefe0:   6990367c 698ff0bc 698ff018 b64b2d3a
0x698feff0:   69706c00 00000000 698ff028 00000000
0x698ff000:   00000190 00000008 b64c0cdb b64d6000
0x698ff010:   69706d28 6990367c 698ff058 b64a01e0
0x698ff020:   69706d28 6990367c 00000000 b64b58eb 

Instructions: (pc=0xb6be3188)
0xb6be3168:   10 8d 4c 4e 0c 31 c0 85 d2 0f 45 c1 89 54 24 04
0xb6be3178:   89 04 24 e8 90 16 31 00 83 c4 14 5b 5e c3 66 90
0xb6be3188:   8b 56 08 eb dc 90 66 90 56 31 c9 53 e8 97 e2 c6
0xb6be3198:   ff 81 c3 67 be 50 00 83 ec 14 8b 44 24 20 8b 93 

Register to memory mapping:

EAX=0x9e9e5b88 is an oop
java.lang.String 
 - klass: 'java/lang/String'
EBX=0xb70ef000: <offset 0x938000> in /usr/lib/jvm/java-7-openjdk-i386/jre/lib/i386/server/libjvm.so at 0xb67b7000
ECX=0x00000000 is an unknown value
EDX=0x00000000 is an unknown value
ESP=0x698fefb0 is pointing into the stack for thread: 0x69706c00
EBP=0x698ff058 is pointing into the stack for thread: 0x69706c00
ESI=0x00000000 is an unknown value
EDI=0x9e9e5b88 is an oop
java.lang.String 
 - klass: 'java/lang/String'


Stack: [0x698af000,0x69900000],  sp=0x698fefb0,  free space=319k
Native frames: (J=compiled Java code, j=interpreted, Vv=VM code, C=native code)
V  [libjvm.so+0x42c188]  java_lang_String::utf8_length(oopDesc*)+0x58
C  [libjdwp.so+0x126e9]  Agent_OnLoad+0x2cf9
C  [libjdwp.so+0x25c1f]  Agent_OnLoad+0x1622f
C  [libjdwp.so+0x25c80]  Agent_OnLoad+0x16290


---------------  P R O C E S S  ---------------

Java Threads: ( => current thread )
  0x6970ec00 JavaThread "Service Thread" daemon [_thread_blocked, id=18390, stack(0x695ad000,0x695fe000)]
  0x6970d000 JavaThread "C2 CompilerThread1" daemon [_thread_blocked, id=18389, stack(0x695fe000,0x6967f000)]
  0x6970b000 JavaThread "C2 CompilerThread0" daemon [_thread_blocked, id=18388, stack(0x6967f000,0x69700000)]
  0x69900800 JavaThread "JDWP Command Reader" daemon [_thread_in_native, id=18383, stack(0x6980d000,0x6985e000)]
  0x69709400 JavaThread "JDWP Event Helper Thread" daemon [_thread_blocked, id=18382, stack(0x6985e000,0x698af000)]
=>0x69706c00 JavaThread "JDWP Transport Listener: dt_socket" daemon [_thread_in_vm, id=18381, stack(0x698af000,0x69900000)]
  0x69bfd400 JavaThread "Signal Dispatcher" daemon [_thread_blocked, id=18379, stack(0x6cd2e000,0x6cd7f000)]
  0x69bb9800 JavaThread "Finalizer" daemon [_thread_blocked, id=18378, stack(0x6cf2e000,0x6cf7f000)]
  0x69bb7800 JavaThread "Reference Handler" daemon [_thread_blocked, id=18377, stack(0x6d12e000,0x6d17f000)]
  0xb6508000 JavaThread "main" [_thread_blocked, id=18370, stack(0xb661d000,0xb666e000)]

Other Threads:
  0x69bb1400 VMThread [stack: 0x69c21000,0x69ca2000] [id=18376]
  0x69711000 WatcherThread [stack: 0x6952c000,0x695ad000] [id=18391]

VM state:not at safepoint (normal execution)

VM Mutex/Monitor currently owned by a thread: None

Heap
 PSYoungGen      total 18368K, used 1259K [0x9e8e0000, 0x9fd60000, 0xb3180000)
  eden space 15744K, 8% used [0x9e8e0000,0x9ea1af48,0x9f840000)
  from space 2624K, 0% used [0x9fad0000,0x9fad0000,0x9fd60000)
  to   space 2624K, 0% used [0x9f840000,0x9f840000,0x9fad0000)
 ParOldGen       total 42048K, used 0K [0x75780000, 0x78090000, 0x9e8e0000)
  object space 42048K, 0% used [0x75780000,0x75780000,0x78090000)
 PSPermGen       total 16384K, used 2364K [0x6d780000, 0x6e780000, 0x75780000)
  object space 16384K, 14% used [0x6d780000,0x6d9cf248,0x6e780000)

Card table byte_map: [0x6d552000,0x6d780000] byte_map_base: 0x6d1e6400

Polling page: 0xb7713000

Code Cache  [0xb324f000, 0xb348f000, 0xb624f000)
 total_blobs=113 nmethods=3 adapters=71 free_code_cache=48854Kb largest_free_block=50013376

Compilation events (6 events):
Event: 0.310 Thread 0x6970b000    1             java.lang.String::hashCode (55 bytes)
Event: 0.319 Thread 0x6970b000 nmethod 1 0xb32974c8 code [0xb32975c0, 0xb3297750]
Event: 5.923 Thread 0x6970d000    2             sun.nio.cs.UTF_8$Encoder::encode (361 bytes)
Event: 5.938 Thread 0x6970d000 nmethod 2 0xb329a148 code [0xb329a280, 0xb329a95c]
Event: 5.944 Thread 0x6970b000    3             java.lang.String::indexOf (70 bytes)
Event: 5.948 Thread 0x6970b000 nmethod 3 0xb329aec8 code [0xb329afe0, 0xb329b19c]

GC Heap History (0 events):
No events

Deoptimization events (0 events):
No events

Internal exceptions (10 events):
Event: 0.306 Thread 0xb6508000 Threw 0x9e9a0a90 at /build/buildd/openjdk-7-7u25-2.3.10/build/openjdk/hotspot/src/share/vm/prims/jvm.cpp:1235
Event: 0.323 Thread 0xb6508000 Threw 0x9e9ad0a8 at /build/buildd/openjdk-7-7u25-2.3.10/build/openjdk/hotspot/src/share/vm/prims/jvm.cpp:1235
Event: 5.922 Thread 0xb6508000 Threw 0x9e9b2b08 at /build/buildd/openjdk-7-7u25-2.3.10/build/openjdk/hotspot/src/share/vm/prims/jvm.cpp:1235
Event: 5.923 Thread 0xb6508000 Threw 0x9e9b5e00 at /build/buildd/openjdk-7-7u25-2.3.10/build/openjdk/hotspot/src/share/vm/prims/jvm.cpp:1235
Event: 5.924 Thread 0xb6508000 Threw 0x9e9b9058 at /build/buildd/openjdk-7-7u25-2.3.10/build/openjdk/hotspot/src/share/vm/prims/jvm.cpp:1235
Event: 5.924 Thread 0xb6508000 Threw 0x9e9bbec0 at /build/buildd/openjdk-7-7u25-2.3.10/build/openjdk/hotspot/src/share/vm/prims/jvm.cpp:1235
Event: 5.924 Thread 0xb6508000 Threw 0x9e9be9c0 at /build/buildd/openjdk-7-7u25-2.3.10/build/openjdk/hotspot/src/share/vm/prims/jvm.cpp:1235
Event: 5.925 Thread 0xb6508000 Threw 0x9e9c1760 at /build/buildd/openjdk-7-7u25-2.3.10/build/openjdk/hotspot/src/share/vm/prims/jvm.cpp:1235
Event: 5.925 Thread 0xb6508000 Threw 0x9e9c44f8 at /build/buildd/openjdk-7-7u25-2.3.10/build/openjdk/hotspot/src/share/vm/prims/jvm.cpp:1235
Event: 5.926 Thread 0xb6508000 Threw 0x9e9c72d8 at /build/buildd/openjdk-7-7u25-2.3.10/build/openjdk/hotspot/src/share/vm/prims/jvm.cpp:1235

Events (10 events):
Event: 43.846 Executing VM operation: GetCurrentLocation
Event: 43.846 Executing VM operation: GetCurrentLocation done
Event: 43.846 Executing VM operation: ChangeSingleStep
Event: 43.846 Executing VM operation: ChangeSingleStep done
Event: 43.848 Executing VM operation: ChangeSingleStep
Event: 43.848 Executing VM operation: ChangeSingleStep done
Event: 43.863 Executing VM operation: GetOrSetLocal
Event: 43.863 Executing VM operation: GetOrSetLocal done
Event: 43.925 Executing VM operation: GetOrSetLocal
Event: 43.925 Executing VM operation: GetOrSetLocal done


Dynamic libraries:
08048000-08049000 r-xp 00000000 08:05 1055707    /usr/lib/jvm/java-7-openjdk-i386/jre/bin/java
08049000-0804a000 r--p 00000000 08:05 1055707    /usr/lib/jvm/java-7-openjdk-i386/jre/bin/java
0804a000-0804b000 rw-p 00001000 08:05 1055707    /usr/lib/jvm/java-7-openjdk-i386/jre/bin/java
095c9000-095ea000 rw-p 00000000 00:00 0          [heap]
69051000-69236000 rw-p 00000000 00:00 0 
69236000-69275000 r-xp 00000000 08:05 134166     /lib/i386-linux-gnu/libpcre.so.3.13.1
69275000-69276000 r--p 0003f000 08:05 134166     /lib/i386-linux-gnu/libpcre.so.3.13.1
69276000-69277000 rw-p 00040000 08:05 134166     /lib/i386-linux-gnu/libpcre.so.3.13.1
69277000-69376000 r-xp 00000000 08:05 133336     /lib/i386-linux-gnu/libglib-2.0.so.0.3600.0
69376000-69377000 r--p 000fe000 08:05 133336     /lib/i386-linux-gnu/libglib-2.0.so.0.3600.0
69377000-69378000 rw-p 000ff000 08:05 133336     /lib/i386-linux-gnu/libglib-2.0.so.0.3600.0
69378000-693c6000 r-xp 00000000 08:05 263425     /usr/lib/i386-linux-gnu/libgobject-2.0.so.0.3600.0
693c6000-693c7000 r--p 0004d000 08:05 263425     /usr/lib/i386-linux-gnu/libgobject-2.0.so.0.3600.0
693c7000-693c8000 rw-p 0004e000 08:05 263425     /usr/lib/i386-linux-gnu/libgobject-2.0.so.0.3600.0
693c8000-69528000 r-xp 00000000 08:05 263424     /usr/lib/i386-linux-gnu/libgio-2.0.so.0.3600.0
69528000-6952a000 r--p 00160000 08:05 263424     /usr/lib/i386-linux-gnu/libgio-2.0.so.0.3600.0
6952a000-6952b000 rw-p 00162000 08:05 263424     /usr/lib/i386-linux-gnu/libgio-2.0.so.0.3600.0
6952b000-6952c000 rw-p 00000000 00:00 0 
6952c000-6952d000 ---p 00000000 00:00 0 
6952d000-695ad000 rw-p 00000000 00:00 0          [stack:18391]
695ad000-695b0000 ---p 00000000 00:00 0 
695b0000-695fe000 rw-p 00000000 00:00 0          [stack:18390]
695fe000-69601000 ---p 00000000 00:00 0 
69601000-6967f000 rw-p 00000000 00:00 0          [stack:18389]
6967f000-69682000 ---p 00000000 00:00 0 
69682000-69700000 rw-p 00000000 00:00 0          [stack:18388]
69700000-697f6000 rw-p 00000000 00:00 0 
697f6000-69800000 ---p 00000000 00:00 0 
6980d000-69810000 ---p 00000000 00:00 0 
69810000-6985e000 rw-p 00000000 00:00 0          [stack:18383]
6985e000-69861000 ---p 00000000 00:00 0 
69861000-698af000 rw-p 00000000 00:00 0          [stack:18382]
698af000-698b2000 ---p 00000000 00:00 0 
698b2000-69900000 rw-p 00000000 00:00 0          [stack:18381]
69900000-69921000 rw-p 00000000 00:00 0 
69921000-69a00000 ---p 00000000 00:00 0 
69a00000-69a21000 rw-p 00000000 00:00 0 
69a21000-69b00000 ---p 00000000 00:00 0 
69b00000-69bff000 rw-p 00000000 00:00 0 
69bff000-69c00000 ---p 00000000 00:00 0 
69c21000-69c22000 ---p 00000000 00:00 0 
69c22000-69ca2000 rw-p 00000000 00:00 0          [stack:18376]
69ca2000-69e4f000 r--s 01cec000 08:05 1055748    /usr/lib/jvm/java-7-openjdk-i386/jre/lib/rt.jar
69e4f000-6cc00000 rw-p 00000000 00:00 0 
6cc00000-6cc21000 rw-p 00000000 00:00 0 
6cc21000-6cd00000 ---p 00000000 00:00 0 
6cd0f000-6cd2c000 r-xp 00000000 08:05 134908     /lib/i386-linux-gnu/libselinux.so.1
6cd2c000-6cd2d000 r--p 0001c000 08:05 134908     /lib/i386-linux-gnu/libselinux.so.1
6cd2d000-6cd2e000 rw-p 0001d000 08:05 134908     /lib/i386-linux-gnu/libselinux.so.1
6cd2e000-6cd31000 ---p 00000000 00:00 0 
6cd31000-6cd7f000 rw-p 00000000 00:00 0          [stack:18379]
6cd7f000-6cd80000 ---p 00000000 00:00 0 
6cd80000-6ce00000 rw-p 00000000 00:00 0          [stack:18375]
6ce00000-6ce21000 rw-p 00000000 00:00 0 
6ce21000-6cf00000 ---p 00000000 00:00 0 
6cf01000-6cf14000 r-xp 00000000 08:05 134694     /lib/i386-linux-gnu/libresolv-2.17.so
6cf14000-6cf15000 r--p 00013000 08:05 134694     /lib/i386-linux-gnu/libresolv-2.17.so
6cf15000-6cf16000 rw-p 00014000 08:05 134694     /lib/i386-linux-gnu/libresolv-2.17.so
6cf16000-6cf18000 rw-p 00000000 00:00 0 
6cf1b000-6cf2c000 r-xp 00000000 08:05 1055755    /usr/lib/jvm/java-7-openjdk-i386/jre/lib/i386/libnio.so
6cf2c000-6cf2d000 r--p 00010000 08:05 1055755    /usr/lib/jvm/java-7-openjdk-i386/jre/lib/i386/libnio.so
6cf2d000-6cf2e000 rw-p 00011000 08:05 1055755    /usr/lib/jvm/java-7-openjdk-i386/jre/lib/i386/libnio.so
6cf2e000-6cf31000 ---p 00000000 00:00 0 
6cf31000-6cf7f000 rw-p 00000000 00:00 0          [stack:18378]
6cf7f000-6cf80000 ---p 00000000 00:00 0 
6cf80000-6d000000 rw-p 00000000 00:00 0          [stack:18374]
6d000000-6d036000 rw-p 00000000 00:00 0 
6d036000-6d100000 ---p 00000000 00:00 0 
6d104000-6d106000 rw-p 00000000 00:00 0 
6d106000-6d10b000 r-xp 00000000 08:05 263649     /usr/lib/i386-linux-gnu/libffi.so.6.0.1
6d10b000-6d10c000 r--p 00005000 08:05 263649     /usr/lib/i386-linux-gnu/libffi.so.6.0.1
6d10c000-6d10d000 rw-p 00006000 08:05 263649     /usr/lib/i386-linux-gnu/libffi.so.6.0.1
6d10d000-6d123000 r-xp 00000000 08:05 1055769    /usr/lib/jvm/java-7-openjdk-i386/jre/lib/i386/libnet.so
6d123000-6d124000 r--p 00015000 08:05 1055769    /usr/lib/jvm/java-7-openjdk-i386/jre/lib/i386/libnet.so
6d124000-6d125000 rw-p 00016000 08:05 1055769    /usr/lib/jvm/java-7-openjdk-i386/jre/lib/i386/libnet.so
6d125000-6d12e000 r--s 000bc000 08:05 272551     /usr/lib/jvm/java-7-openjdk-common/jre/lib/resources.jar
6d12e000-6d131000 ---p 00000000 00:00 0 
6d131000-6d17f000 rw-p 00000000 00:00 0          [stack:18377]
6d17f000-6d180000 ---p 00000000 00:00 0 
6d180000-6d200000 rw-p 00000000 00:00 0          [stack:18373]
6d200000-6d261000 rw-p 00000000 00:00 0 
6d261000-6d300000 ---p 00000000 00:00 0 
6d300000-6d348000 rw-p 00000000 00:00 0 
6d348000-6d349000 ---p 00000000 00:00 0 
6d349000-6d3d1000 rw-p 00000000 00:00 0          [stack:18372]
6d3d1000-6d409000 rw-p 00000000 00:00 0 
6d409000-6d41e000 rw-p 00000000 00:00 0 
6d41e000-6d552000 rw-p 00000000 00:00 0 
6d552000-6d55a000 rw-p 00000000 00:00 0 
6d55a000-6d592000 rw-p 00000000 00:00 0 
6d592000-6d5a7000 rw-p 00000000 00:00 0 
6d5a7000-6d6da000 rw-p 00000000 00:00 0 
6d6da000-6d6e5000 rw-p 00000000 00:00 0 
6d6e5000-6d77f000 rw-p 00000000 00:00 0 
6d77f000-6e780000 rw-p 00000000 00:00 0 
6e780000-75780000 rw-p 00000000 00:00 0 
75780000-78090000 rw-p 00000000 00:00 0 
78090000-9e8e0000 rw-p 00000000 00:00 0 
9e8e0000-9fd60000 rw-p 00000000 00:00 0 
9fd60000-b3180000 rw-p 00000000 00:00 0 
b3180000-b3183000 r-xp 00000000 08:05 263317     /usr/lib/i386-linux-gnu/libgmodule-2.0.so.0.3600.0
b3183000-b3184000 r--p 00002000 08:05 263317     /usr/lib/i386-linux-gnu/libgmodule-2.0.so.0.3600.0
b3184000-b3185000 rw-p 00003000 08:05 263317     /usr/lib/i386-linux-gnu/libgmodule-2.0.so.0.3600.0
b3185000-b3186000 r--s 00002000 08:05 272556     /usr/lib/jvm/java-7-openjdk-common/jre/lib/ext/dnsns.jar
b3186000-b3188000 r--s 00012000 08:05 272557     /usr/lib/jvm/java-7-openjdk-common/jre/lib/ext/zipfs.jar
b3188000-b318b000 r--s 0000f000 08:05 272555     /usr/lib/jvm/java-7-openjdk-common/jre/lib/ext/pulse-java.jar
b318b000-b318f000 r--s 00085000 08:05 272553     /usr/lib/jvm/java-7-openjdk-common/jre/lib/ext/localedata.jar
b318f000-b3198000 rw-p 00000000 00:00 0 
b3198000-b324f000 rw-p 00000000 00:00 0 
b324f000-b348f000 rwxp 00000000 00:00 0 
b348f000-b624f000 rw-p 00000000 00:00 0 
b624f000-b625a000 r-xp 00000000 08:05 134677     /lib/i386-linux-gnu/libnss_files-2.17.so
b625a000-b625b000 r--p 0000a000 08:05 134677     /lib/i386-linux-gnu/libnss_files-2.17.so
b625b000-b625c000 rw-p 0000b000 08:05 134677     /lib/i386-linux-gnu/libnss_files-2.17.so
b625c000-b6266000 r-xp 00000000 08:05 134688     /lib/i386-linux-gnu/libnss_nis-2.17.so
b6266000-b6267000 r--p 00009000 08:05 134688     /lib/i386-linux-gnu/libnss_nis-2.17.so
b6267000-b6268000 rw-p 0000a000 08:05 134688     /lib/i386-linux-gnu/libnss_nis-2.17.so
b6268000-b627d000 r-xp 00000000 08:05 134697     /lib/i386-linux-gnu/libnsl-2.17.so
b627d000-b627e000 r--p 00014000 08:05 134697     /lib/i386-linux-gnu/libnsl-2.17.so
b627e000-b627f000 rw-p 00015000 08:05 134697     /lib/i386-linux-gnu/libnsl-2.17.so
b627f000-b6281000 rw-p 00000000 00:00 0 
b6281000-b6284000 r--s 0003c000 08:05 272552     /usr/lib/jvm/java-7-openjdk-common/jre/lib/ext/sunpkcs11.jar
b6284000-b6287000 r--s 00032000 08:05 272554     /usr/lib/jvm/java-7-openjdk-common/jre/lib/ext/sunjce_provider.jar
b6287000-b628b000 r-xp 00000000 08:05 1055779    /usr/lib/jvm/java-7-openjdk-i386/jre/lib/i386/libdt_socket.so
b628b000-b628c000 r--p 00003000 08:05 1055779    /usr/lib/jvm/java-7-openjdk-i386/jre/lib/i386/libdt_socket.so
b628c000-b628d000 rw-p 00004000 08:05 1055779    /usr/lib/jvm/java-7-openjdk-i386/jre/lib/i386/libdt_socket.so
b628d000-b6295000 r-xp 00000000 08:05 1055754    /usr/lib/jvm/java-7-openjdk-i386/jre/lib/i386/libzip.so
b6295000-b6296000 r--p 00007000 08:05 1055754    /usr/lib/jvm/java-7-openjdk-i386/jre/lib/i386/libzip.so
b6296000-b6297000 rw-p 00008000 08:05 1055754    /usr/lib/jvm/java-7-openjdk-i386/jre/lib/i386/libzip.so
b6297000-b6497000 r--p 00000000 08:05 264795     /usr/lib/locale/locale-archive
b6497000-b64d5000 r-xp 00000000 08:05 1055781    /usr/lib/jvm/java-7-openjdk-i386/jre/lib/i386/libjdwp.so
b64d5000-b64d6000 r--p 0003d000 08:05 1055781    /usr/lib/jvm/java-7-openjdk-i386/jre/lib/i386/libjdwp.so
b64d6000-b64d7000 rw-p 0003e000 08:05 1055781    /usr/lib/jvm/java-7-openjdk-i386/jre/lib/i386/libjdwp.so
b64d7000-b64fe000 r-xp 00000000 08:05 1055777    /usr/lib/jvm/java-7-openjdk-i386/jre/lib/i386/libjava.so
b64fe000-b64ff000 r--p 00026000 08:05 1055777    /usr/lib/jvm/java-7-openjdk-i386/jre/lib/i386/libjava.so
b64ff000-b6500000 rw-p 00027000 08:05 1055777    /usr/lib/jvm/java-7-openjdk-i386/jre/lib/i386/libjava.so
b6500000-b65fd000 rw-p 00000000 00:00 0 
b65fd000-b6600000 ---p 00000000 00:00 0 
b6600000-b6602000 r--s 00006000 08:05 685992     /usr/share/java/java-atk-wrapper.jar
b6602000-b660a000 rw-s 00000000 08:05 1087203    /tmp/hsperfdata_skolz/18365
b660a000-b6611000 r-xp 00000000 08:05 134551     /lib/i386-linux-gnu/libnss_compat-2.17.so
b6611000-b6612000 r--p 00006000 08:05 134551     /lib/i386-linux-gnu/libnss_compat-2.17.so
b6612000-b6613000 rw-p 00007000 08:05 134551     /lib/i386-linux-gnu/libnss_compat-2.17.so
b6613000-b6614000 r--p 002c5000 08:05 264795     /usr/lib/locale/locale-archive
b6614000-b661b000 r-xp 00000000 08:05 131479     /lib/i386-linux-gnu/librt-2.17.so
b661b000-b661c000 r--p 00006000 08:05 131479     /lib/i386-linux-gnu/librt-2.17.so
b661c000-b661d000 rw-p 00007000 08:05 131479     /lib/i386-linux-gnu/librt-2.17.so
b661d000-b6620000 ---p 00000000 00:00 0 
b6620000-b666e000 rw-p 00000000 00:00 0          [stack:18370]
b666e000-b6689000 r-xp 00000000 08:05 131496     /lib/i386-linux-gnu/libgcc_s.so.1
b6689000-b668a000 r--p 0001a000 08:05 131496     /lib/i386-linux-gnu/libgcc_s.so.1
b668a000-b668b000 rw-p 0001b000 08:05 131496     /lib/i386-linux-gnu/libgcc_s.so.1
b668b000-b66cc000 r-xp 00000000 08:05 134675     /lib/i386-linux-gnu/libm-2.17.so
b66cc000-b66cd000 r--p 00040000 08:05 134675     /lib/i386-linux-gnu/libm-2.17.so
b66cd000-b66ce000 rw-p 00041000 08:05 134675     /lib/i386-linux-gnu/libm-2.17.so
b66ce000-b67aa000 r-xp 00000000 08:05 263727     /usr/lib/i386-linux-gnu/libstdc++.so.6.0.17
b67aa000-b67ab000 ---p 000dc000 08:05 263727     /usr/lib/i386-linux-gnu/libstdc++.so.6.0.17
b67ab000-b67af000 r--p 000dc000 08:05 263727     /usr/lib/i386-linux-gnu/libstdc++.so.6.0.17
b67af000-b67b0000 rw-p 000e0000 08:05 263727     /usr/lib/i386-linux-gnu/libstdc++.so.6.0.17
b67b0000-b67b7000 rw-p 00000000 00:00 0 
b67b7000-b70a8000 r-xp 00000000 08:05 1055756    /usr/lib/jvm/java-7-openjdk-i386/jre/lib/i386/server/libjvm.so
b70a8000-b70ef000 r--p 008f1000 08:05 1055756    /usr/lib/jvm/java-7-openjdk-i386/jre/lib/i386/server/libjvm.so
b70ef000-b7103000 rw-p 00938000 08:05 1055756    /usr/lib/jvm/java-7-openjdk-i386/jre/lib/i386/server/libjvm.so
b7103000-b7521000 rw-p 00000000 00:00 0 
b7521000-b7538000 r-xp 00000000 08:05 132877     /lib/i386-linux-gnu/libz.so.1.2.7
b7538000-b7539000 r--p 00016000 08:05 132877     /lib/i386-linux-gnu/libz.so.1.2.7
b7539000-b753a000 rw-p 00017000 08:05 132877     /lib/i386-linux-gnu/libz.so.1.2.7
b753a000-b7551000 r-xp 00000000 08:05 134687     /lib/i386-linux-gnu/libpthread-2.17.so
b7551000-b7552000 r--p 00016000 08:05 134687     /lib/i386-linux-gnu/libpthread-2.17.so
b7552000-b7553000 rw-p 00017000 08:05 134687     /lib/i386-linux-gnu/libpthread-2.17.so
b7553000-b7555000 rw-p 00000000 00:00 0 
b7555000-b7558000 r-xp 00000000 08:05 134692     /lib/i386-linux-gnu/libdl-2.17.so
b7558000-b7559000 r--p 00002000 08:05 134692     /lib/i386-linux-gnu/libdl-2.17.so
b7559000-b755a000 rw-p 00003000 08:05 134692     /lib/i386-linux-gnu/libdl-2.17.so
b755a000-b7707000 r-xp 00000000 08:05 134679     /lib/i386-linux-gnu/libc-2.17.so
b7707000-b7709000 r--p 001ad000 08:05 134679     /lib/i386-linux-gnu/libc-2.17.so
b7709000-b770a000 rw-p 001af000 08:05 134679     /lib/i386-linux-gnu/libc-2.17.so
b770a000-b770d000 rw-p 00000000 00:00 0 
b770d000-b7710000 r-xp 00000000 08:05 1055764    /usr/lib/jvm/java-7-openjdk-i386/jre/lib/i386/libnpt.so
b7710000-b7711000 r--p 00002000 08:05 1055764    /usr/lib/jvm/java-7-openjdk-i386/jre/lib/i386/libnpt.so
b7711000-b7712000 rw-p 00003000 08:05 1055764    /usr/lib/jvm/java-7-openjdk-i386/jre/lib/i386/libnpt.so
b7712000-b7713000 rw-p 00000000 00:00 0 
b7713000-b7714000 r--p 00000000 00:00 0 
b7714000-b7721000 r-xp 00000000 08:05 1055763    /usr/lib/jvm/java-7-openjdk-i386/jre/lib/i386/libverify.so
b7721000-b7722000 r--p 0000d000 08:05 1055763    /usr/lib/jvm/java-7-openjdk-i386/jre/lib/i386/libverify.so
b7722000-b7723000 rw-p 0000e000 08:05 1055763    /usr/lib/jvm/java-7-openjdk-i386/jre/lib/i386/libverify.so
b7723000-b7730000 r-xp 00000000 08:05 1055771    /usr/lib/jvm/java-7-openjdk-i386/jre/lib/i386/jli/libjli.so
b7730000-b7731000 r--p 0000c000 08:05 1055771    /usr/lib/jvm/java-7-openjdk-i386/jre/lib/i386/jli/libjli.so
b7731000-b7732000 rw-p 0000d000 08:05 1055771    /usr/lib/jvm/java-7-openjdk-i386/jre/lib/i386/jli/libjli.so
b7732000-b7735000 rw-p 00000000 00:00 0 
b7735000-b7736000 r-xp 00000000 00:00 0          [vdso]
b7736000-b7756000 r-xp 00000000 08:05 134696     /lib/i386-linux-gnu/ld-2.17.so
b7756000-b7757000 r--p 0001f000 08:05 134696     /lib/i386-linux-gnu/ld-2.17.so
b7757000-b7758000 rw-p 00020000 08:05 134696     /lib/i386-linux-gnu/ld-2.17.so
bfe4f000-bfe70000 rw-p 00000000 00:00 0          [stack]

VM Arguments:
jvm_args: -agentlib:jdwp=transport=dt_socket,suspend=y,address=localhost:34640 -Dfile.encoding=UTF-8 
java_command: it.itba.edu.ar.protos.proxy.ProxyServer
Launcher Type: SUN_STANDARD

Environment Variables:
PATH=/usr/lib/lightdm/lightdm:/usr/local/sbin:/usr/local/bin:/usr/sbin:/usr/bin:/sbin:/bin:/usr/games:/usr/local/games
LD_LIBRARY_PATH=/usr/lib/jvm/java-7-openjdk-i386/jre/lib/i386/server:/usr/lib/jvm/java-7-openjdk-i386/jre/lib/i386:/usr/lib/jvm/java-7-openjdk-i386/jre/../lib/i386:/usr/lib/jvm/java-7-openjdk-i386/jre/lib/i386/client:/usr/lib/jvm/java-7-openjdk-i386/jre/lib/i386:
SHELL=/usr/bin/zsh
DISPLAY=:0

Signal Handlers:
SIGSEGV: [libjvm.so+0x758d30], sa_mask[0]=0x7ffbfeff, sa_flags=0x10000004
SIGBUS: [libjvm.so+0x758d30], sa_mask[0]=0x7ffbfeff, sa_flags=0x10000004
SIGFPE: [libjvm.so+0x5f4230], sa_mask[0]=0x7ffbfeff, sa_flags=0x10000004
SIGPIPE: [libjvm.so+0x5f4230], sa_mask[0]=0x7ffbfeff, sa_flags=0x10000004
SIGXFSZ: [libjvm.so+0x5f4230], sa_mask[0]=0x7ffbfeff, sa_flags=0x10000004
SIGILL: [libjvm.so+0x5f4230], sa_mask[0]=0x7ffbfeff, sa_flags=0x10000004
SIGUSR1: SIG_DFL, sa_mask[0]=0x00000000, sa_flags=0x00000000
SIGUSR2: [libjvm.so+0x5f40e0], sa_mask[0]=0x00000004, sa_flags=0x10000004
SIGHUP: [libjvm.so+0x5f4670], sa_mask[0]=0x7ffbfeff, sa_flags=0x10000004
SIGINT: [libjvm.so+0x5f4670], sa_mask[0]=0x7ffbfeff, sa_flags=0x10000004
SIGTERM: [libjvm.so+0x5f4670], sa_mask[0]=0x7ffbfeff, sa_flags=0x10000004
SIGQUIT: [libjvm.so+0x5f4670], sa_mask[0]=0x7ffbfeff, sa_flags=0x10000004


---------------  S Y S T E M  ---------------

OS:Ubuntu 13.04 (raring)
uname:Linux 3.8.0-31-generic #46-Ubuntu SMP Tue Sep 10 19:56:49 UTC 2013 i686
libc:glibc 2.17 NPTL 2.17 
rlimit: STACK 8192k, CORE 0k, NPROC 31366, NOFILE 4096, AS infinity
load average:0.35 0.26 0.33

/proc/meminfo:
MemTotal:        4031368 kB
MemFree:         1056932 kB
Buffers:          182676 kB
Cached:          1508092 kB
SwapCached:            0 kB
Active:          1847484 kB
Inactive:         981092 kB
Active(anon):    1176052 kB
Inactive(anon):   485372 kB
Active(file):     671432 kB
Inactive(file):   495720 kB
Unevictable:         124 kB
Mlocked:             124 kB
HighTotal:       3183656 kB
HighFree:         620040 kB
LowTotal:         847712 kB
LowFree:          436892 kB
SwapTotal:             0 kB
SwapFree:              0 kB
Dirty:               156 kB
Writeback:             0 kB
AnonPages:       1137928 kB
Mapped:           302852 kB
Shmem:            523560 kB
Slab:             103084 kB
SReclaimable:      80164 kB
SUnreclaim:        22920 kB
KernelStack:        4952 kB
PageTables:        16980 kB
NFS_Unstable:          0 kB
Bounce:                0 kB
WritebackTmp:          0 kB
CommitLimit:     2015684 kB
Committed_AS:    5534568 kB
VmallocTotal:     122880 kB
VmallocUsed:       22528 kB
VmallocChunk:      79732 kB
HardwareCorrupted:     0 kB
AnonHugePages:         0 kB
HugePages_Total:       0
HugePages_Free:        0
HugePages_Rsvd:        0
HugePages_Surp:        0
Hugepagesize:       2048 kB
DirectMap4k:       10232 kB
DirectMap2M:      903168 kB


CPU:total 4 (2 cores per cpu, 2 threads per core) family 6 model 42 stepping 7, cmov, cx8, fxsr, mmx, sse, sse2, sse3, ssse3, sse4.1, sse4.2, popcnt, avx, ht, tsc, tscinvbit

/proc/cpuinfo:
processor	: 0
vendor_id	: GenuineIntel
cpu family	: 6
model		: 42
model name	: Intel(R) Core(TM) i5-2557M CPU @ 1.70GHz
stepping	: 7
microcode	: 0x1a
cpu MHz		: 800.000
cache size	: 3072 KB
physical id	: 0
siblings	: 4
core id		: 0
cpu cores	: 2
apicid		: 0
initial apicid	: 0
fdiv_bug	: no
hlt_bug		: no
f00f_bug	: no
coma_bug	: no
fpu		: yes
fpu_exception	: yes
cpuid level	: 13
wp		: yes
flags		: fpu vme de pse tsc msr pae mce cx8 apic sep mtrr pge mca cmov pat pse36 clflush dts acpi mmx fxsr sse sse2 ss ht tm pbe nx rdtscp lm constant_tsc arch_perfmon pebs bts xtopology nonstop_tsc aperfmperf eagerfpu pni pclmulqdq dtes64 monitor ds_cpl vmx smx est tm2 ssse3 cx16 xtpr pdcm pcid sse4_1 sse4_2 x2apic popcnt tsc_deadline_timer aes xsave avx lahf_lm ida arat epb xsaveopt pln pts dtherm tpr_shadow vnmi flexpriority ept vpid
bogomips	: 3392.01
clflush size	: 64
cache_alignment	: 64
address sizes	: 36 bits physical, 48 bits virtual
power management:

processor	: 1
vendor_id	: GenuineIntel
cpu family	: 6
model		: 42
model name	: Intel(R) Core(TM) i5-2557M CPU @ 1.70GHz
stepping	: 7
microcode	: 0x1a
cpu MHz		: 1701.000
cache size	: 3072 KB
physical id	: 0
siblings	: 4
core id		: 1
cpu cores	: 2
apicid		: 2
initial apicid	: 2
fdiv_bug	: no
hlt_bug		: no
f00f_bug	: no
coma_bug	: no
fpu		: yes
fpu_exception	: yes
cpuid level	: 13
wp		: yes
flags		: fpu vme de pse tsc msr pae mce cx8 apic sep mtrr pge mca cmov pat pse36 clflush dts acpi mmx fxsr sse sse2 ss ht tm pbe nx rdtscp lm constant_tsc arch_perfmon pebs bts xtopology nonstop_tsc aperfmperf eagerfpu pni pclmulqdq dtes64 monitor ds_cpl vmx smx est tm2 ssse3 cx16 xtpr pdcm pcid sse4_1 sse4_2 x2apic popcnt tsc_deadline_timer aes xsave avx lahf_lm ida arat epb xsaveopt pln pts dtherm tpr_shadow vnmi flexpriority ept vpid
bogomips	: 3392.01
clflush size	: 64
cache_alignment	: 64
address sizes	: 36 bits physical, 48 bits virtual
power management:

processor	: 2
vendor_id	: GenuineIntel
cpu family	: 6
model		: 42
model name	: Intel(R) Core(TM) i5-2557M CPU @ 1.70GHz
stepping	: 7
microcode	: 0x1a
cpu MHz		: 1701.000
cache size	: 3072 KB
physical id	: 0
siblings	: 4
core id		: 0
cpu cores	: 2
apicid		: 1
initial apicid	: 1
fdiv_bug	: no
hlt_bug		: no
f00f_bug	: no
coma_bug	: no
fpu		: yes
fpu_exception	: yes
cpuid level	: 13
wp		: yes
flags		: fpu vme de pse tsc msr pae mce cx8 apic sep mtrr pge mca cmov pat pse36 clflush dts acpi mmx fxsr sse sse2 ss ht tm pbe nx rdtscp lm constant_tsc arch_perfmon pebs bts xtopology nonstop_tsc aperfmperf eagerfpu pni pclmulqdq dtes64 monitor ds_cpl vmx smx est tm2 ssse3 cx16 xtpr pdcm pcid sse4_1 sse4_2 x2apic popcnt tsc_deadline_timer aes xsave avx lahf_lm ida arat epb xsaveopt pln pts dtherm tpr_shadow vnmi flexpriority ept vpid
bogomips	: 3392.01
clflush size	: 64
cache_alignment	: 64
address sizes	: 36 bits physical, 48 bits virtual
power management:

processor	: 3
vendor_id	: GenuineIntel
cpu family	: 6
model		: 42
model name	: Intel(R) Core(TM) i5-2557M CPU @ 1.70GHz
stepping	: 7
microcode	: 0x1a
cpu MHz		: 800.000
cache size	: 3072 KB
physical id	: 0
siblings	: 4
core id		: 1
cpu cores	: 2
apicid		: 3
initial apicid	: 3
fdiv_bug	: no
hlt_bug		: no
f00f_bug	: no
coma_bug	: no
fpu		: yes
fpu_exception	: yes
cpuid level	: 13
wp		: yes
flags		: fpu vme de pse tsc msr pae mce cx8 apic sep mtrr pge mca cmov pat pse36 clflush dts acpi mmx fxsr sse sse2 ss ht tm pbe nx rdtscp lm constant_tsc arch_perfmon pebs bts xtopology nonstop_tsc aperfmperf eagerfpu pni pclmulqdq dtes64 monitor ds_cpl vmx smx est tm2 ssse3 cx16 xtpr pdcm pcid sse4_1 sse4_2 x2apic popcnt tsc_deadline_timer aes xsave avx lahf_lm ida arat epb xsaveopt pln pts dtherm tpr_shadow vnmi flexpriority ept vpid
bogomips	: 3392.01
clflush size	: 64
cache_alignment	: 64
address sizes	: 36 bits physical, 48 bits virtual
power management:



Memory: 4k page, physical 4031368k(1056932k free), swap 0k(0k free)

vm_info: OpenJDK Server VM (23.7-b01) for linux-x86 JRE (1.7.0_25-b30), built on Jul  3 2013 13:58:32 by "buildd" with gcc 4.7.3

time: Wed Oct 30 17:22:07 2013
elapsed time: 43 seconds

